android/app/build/intermediates/manifest_merge_blame_file/debug/manifest-merger-blame-debug-report.txt
1<?xml version="1.0" encoding="utf-8"?>
2<manifest xmlns:android="http://schemas.android.com/apk/res/android"
3    package="org.jitsi.meet"
4    android:installLocation="auto"
5    android:versionCode="15442372"
6    android:versionName="99.0.0" >
7
8    <uses-sdk
9        android:minSdkVersion="24"
9-->src/main/AndroidManifest.xml
10        android:targetSdkVersion="33" />
10-->src/main/AndroidManifest.xml
11
12    <uses-permission android:name="android.permission.SYSTEM_ALERT_WINDOW" /> <!-- XXX ACCESS_NETWORK_STATE is required by WebRTC. -->
12-->[:sdk] AndroidManifest.xml:8:5-78
12-->[:sdk] AndroidManifest.xml:8:22-75
13    <uses-permission android:name="android.permission.ACCESS_NETWORK_STATE" />
13-->[:sdk] AndroidManifest.xml:10:5-79
13-->[:sdk] AndroidManifest.xml:10:22-76
14    <uses-permission android:name="android.permission.BLUETOOTH" />
14-->[:sdk] AndroidManifest.xml:11:5-68
14-->[:sdk] AndroidManifest.xml:11:22-65
15    <uses-permission android:name="android.permission.CAMERA" />
15-->[:sdk] AndroidManifest.xml:12:5-65
15-->[:sdk] AndroidManifest.xml:12:22-62
16    <uses-permission android:name="android.permission.INTERNET" />
16-->[:sdk] AndroidManifest.xml:13:5-67
16-->[:sdk] AndroidManifest.xml:13:22-64
17    <uses-permission android:name="android.permission.MANAGE_OWN_CALLS" />
17-->[:sdk] AndroidManifest.xml:14:5-75
17-->[:sdk] AndroidManifest.xml:14:22-72
18    <uses-permission android:name="android.permission.MODIFY_AUDIO_SETTINGS" />
18-->[:sdk] AndroidManifest.xml:15:5-80
18-->[:sdk] AndroidManifest.xml:15:22-77
19    <uses-permission android:name="android.permission.RECORD_AUDIO" />
19-->[:sdk] AndroidManifest.xml:16:5-71
19-->[:sdk] AndroidManifest.xml:16:22-68
20    <uses-permission android:name="android.permission.WAKE_LOCK" />
20-->[:sdk] AndroidManifest.xml:17:5-68
20-->[:sdk] AndroidManifest.xml:17:22-65
21    <uses-permission android:name="android.permission.ACCESS_WIFI_STATE" />
21-->[:sdk] AndroidManifest.xml:18:5-76
21-->[:sdk] AndroidManifest.xml:18:22-73
22    <uses-permission android:name="android.permission.FOREGROUND_SERVICE" />
22-->[:sdk] AndroidManifest.xml:19:5-77
22-->[:sdk] AndroidManifest.xml:19:22-74
23
24    <uses-feature
24-->[:sdk] AndroidManifest.xml:21:5-23:35
25        android:glEsVersion="0x00020000"
25-->[:sdk] AndroidManifest.xml:22:9-41
26        android:required="true" />
26-->[:sdk] AndroidManifest.xml:23:9-32
27    <uses-feature
27-->[:sdk] AndroidManifest.xml:24:5-26:36
28        android:name="android.hardware.camera"
28-->[:sdk] AndroidManifest.xml:25:9-47
29        android:required="false" />
29-->[:sdk] AndroidManifest.xml:26:9-33
30    <uses-feature
30-->[:sdk] AndroidManifest.xml:27:5-29:36
31        android:name="android.hardware.camera.autofocus"
31-->[:sdk] AndroidManifest.xml:28:9-57
32        android:required="false" />
32-->[:sdk] AndroidManifest.xml:29:9-33
33
34    <uses-permission android:name="android.permission.WRITE_CALENDAR" />
34-->[:react-native-calendar-events] AndroidManifest.xml:7:5-73
34-->[:react-native-calendar-events] AndroidManifest.xml:7:22-70
35    <uses-permission android:name="android.permission.READ_CALENDAR" /> <!-- To store the heap dumps and leak analysis results. -->
35-->[:react-native-calendar-events] AndroidManifest.xml:8:5-72
35-->[:react-native-calendar-events] AndroidManifest.xml:8:22-69
36    <uses-permission android:name="android.permission.READ_EXTERNAL_STORAGE" />
36-->[com.squareup.leakcanary:leakcanary-android-core:2.7] AndroidManifest.xml:23:5-80
36-->[com.squareup.leakcanary:leakcanary-android-core:2.7] AndroidManifest.xml:23:22-77
37    <uses-permission android:name="android.permission.WRITE_EXTERNAL_STORAGE" />
37-->[com.squareup.leakcanary:leakcanary-android-core:2.7] AndroidManifest.xml:24:5-81
37-->[com.squareup.leakcanary:leakcanary-android-core:2.7] AndroidManifest.xml:24:22-78
38    <uses-permission android:name="com.google.android.finsky.permission.BIND_GET_INSTALL_REFERRER_SERVICE" />
38-->[com.google.android.gms:play-services-measurement:21.3.0] AndroidManifest.xml:26:5-110
38-->[com.google.android.gms:play-services-measurement:21.3.0] AndroidManifest.xml:26:22-107
39    <uses-permission android:name="com.google.android.gms.permission.AD_ID" />
39-->[com.google.android.gms:play-services-measurement-api:21.3.0] AndroidManifest.xml:25:5-79
39-->[com.google.android.gms:play-services-measurement-api:21.3.0] AndroidManifest.xml:25:22-76
40
41    <application
41-->src/main/AndroidManifest.xml:5:3-45:17
42        android:allowBackup="true"
42-->src/main/AndroidManifest.xml:6:7-33
43        android:appComponentFactory="androidx.core.app.CoreComponentFactory"
43-->[androidx.core:core:1.8.0] AndroidManifest.xml:24:18-86
44        android:debuggable="true"
45        android:extractNativeLibs="true"
45-->src/main/AndroidManifest.xml:7:7-39
46        android:icon="@mipmap/ic_launcher"
46-->src/main/AndroidManifest.xml:8:7-41
47        android:label="@string/app_name"
47-->src/main/AndroidManifest.xml:9:7-39
48        android:networkSecurityConfig="@xml/network_security_config"
48-->src/main/AndroidManifest.xml:10:7-67
49        android:supportsRtl="true"
49-->[:sdk] AndroidManifest.xml:34:9-35
50        android:theme="@style/AppTheme"
50-->src/main/AndroidManifest.xml:11:7-38
51        android:usesCleartextTraffic="true" >
51-->[:sdk] AndroidManifest.xml:35:9-44
52        <meta-data
52-->src/main/AndroidManifest.xml:12:5-14:52
53            android:name="android.content.APP_RESTRICTIONS"
53-->src/main/AndroidManifest.xml:13:9-56
54            android:resource="@xml/app_restrictions" />
54-->src/main/AndroidManifest.xml:14:9-49
55
56        <activity
56-->src/main/AndroidManifest.xml:15:5-44:16
57            android:name="org.jitsi.meet.MainActivity"
57-->src/main/AndroidManifest.xml:21:9-37
58            android:configChanges="keyboard|keyboardHidden|orientation|screenLayout|screenSize|smallestScreenSize|uiMode"
58-->src/main/AndroidManifest.xml:16:9-118
59            android:exported="true"
59-->src/main/AndroidManifest.xml:17:9-32
60            android:label="@string/app_name"
60-->src/main/AndroidManifest.xml:18:9-41
61            android:launchMode="singleInstance"
61-->src/main/AndroidManifest.xml:19:9-44
62            android:resizeableActivity="true"
62-->src/main/AndroidManifest.xml:22:9-42
63            android:supportsPictureInPicture="true"
63-->src/main/AndroidManifest.xml:23:9-48
64            android:taskAffinity=""
64-->src/main/AndroidManifest.xml:20:9-32
65            android:windowSoftInputMode="adjustResize" >
65-->src/main/AndroidManifest.xml:24:9-51
66            <meta-data
66-->src/main/AndroidManifest.xml:25:7-97
67                android:name="firebase_crashlytics_collection_enabled"
67-->src/main/AndroidManifest.xml:25:18-72
68                android:value="false" />
68-->src/main/AndroidManifest.xml:25:73-94
69
70            <intent-filter>
70-->src/main/AndroidManifest.xml:26:7-29:23
71                <action android:name="android.intent.action.MAIN" />
71-->src/main/AndroidManifest.xml:27:9-61
71-->src/main/AndroidManifest.xml:27:17-58
72
73                <category android:name="android.intent.category.LAUNCHER" />
73-->src/main/AndroidManifest.xml:28:9-69
73-->src/main/AndroidManifest.xml:28:19-66
74            </intent-filter>
75            <intent-filter>
75-->src/main/AndroidManifest.xml:30:7-37:23
76                <action android:name="android.intent.action.VIEW" />
76-->src/main/AndroidManifest.xml:31:9-61
76-->src/main/AndroidManifest.xml:31:17-58
77
78                <category android:name="android.intent.category.BROWSABLE" />
78-->src/main/AndroidManifest.xml:32:9-70
78-->src/main/AndroidManifest.xml:32:19-67
79                <category android:name="android.intent.category.DEFAULT" />
79-->src/main/AndroidManifest.xml:33:9-68
79-->src/main/AndroidManifest.xml:33:19-65
80
81                <data
81-->src/main/AndroidManifest.xml:34:9-71
82                    android:host="alpha.jitsi.net"
82-->src/main/AndroidManifest.xml:34:15-45
83                    android:scheme="https" />
83-->src/main/AndroidManifest.xml:34:46-68
84                <data
84-->src/main/AndroidManifest.xml:34:9-71
85                    android:host="beta.meet.jit.si"
85-->src/main/AndroidManifest.xml:34:15-45
86                    android:scheme="https" />
86-->src/main/AndroidManifest.xml:34:46-68
87                <data
87-->src/main/AndroidManifest.xml:34:9-71
88                    android:host="meet.jit.si"
88-->src/main/AndroidManifest.xml:34:15-45
89                    android:scheme="https" />
89-->src/main/AndroidManifest.xml:34:46-68
90            </intent-filter>
91            <intent-filter>
91-->src/main/AndroidManifest.xml:38:7-43:23
92                <action android:name="android.intent.action.VIEW" />
92-->src/main/AndroidManifest.xml:31:9-61
92-->src/main/AndroidManifest.xml:31:17-58
93
94                <category android:name="android.intent.category.BROWSABLE" />
94-->src/main/AndroidManifest.xml:32:9-70
94-->src/main/AndroidManifest.xml:32:19-67
95                <category android:name="android.intent.category.DEFAULT" />
95-->src/main/AndroidManifest.xml:33:9-68
95-->src/main/AndroidManifest.xml:33:19-65
96
97                <data android:scheme="org.jitsi.meet" />
97-->src/main/AndroidManifest.xml:34:9-71
97-->src/main/AndroidManifest.xml:34:46-68
98            </intent-filter>
99        </activity>
100
101        <service
101-->[com.squareup.leakcanary:leakcanary-android:2.7] AndroidManifest.xml:23:9-25:40
102            android:name="leakcanary.internal.HeapAnalyzerService"
102-->[com.squareup.leakcanary:leakcanary-android:2.7] AndroidManifest.xml:24:13-67
103            android:exported="false" />
103-->[com.squareup.leakcanary:leakcanary-android:2.7] AndroidManifest.xml:25:13-37
104
105        <activity
105-->[:sdk] AndroidManifest.xml:36:9-38:40
106            android:name="com.facebook.react.devsupport.DevSettingsActivity"
106-->[:sdk] AndroidManifest.xml:37:13-77
107            android:exported="false" />
107-->[:sdk] AndroidManifest.xml:38:13-37
108        <activity
108-->[:sdk] AndroidManifest.xml:39:9-46:58
109            android:name="org.jitsi.meet.sdk.JitsiMeetActivity"
109-->[:sdk] AndroidManifest.xml:40:13-64
110            android:configChanges="keyboard|keyboardHidden|orientation|screenLayout|screenSize|smallestScreenSize|uiMode"
110-->[:sdk] AndroidManifest.xml:41:13-122
111            android:launchMode="singleTask"
111-->[:sdk] AndroidManifest.xml:42:13-44
112            android:resizeableActivity="true"
112-->[:sdk] AndroidManifest.xml:43:13-46
113            android:supportsPictureInPicture="true"
113-->[:sdk] AndroidManifest.xml:44:13-52
114            android:theme="@style/JitsiMeetActivityStyle"
114-->[:sdk] AndroidManifest.xml:45:13-58
115            android:windowSoftInputMode="adjustResize" />
115-->[:sdk] AndroidManifest.xml:46:13-55
116
117        <service
117-->[:sdk] AndroidManifest.xml:48:9-55:19
118            android:name="org.jitsi.meet.sdk.ConnectionService"
118-->[:sdk] AndroidManifest.xml:49:13-64
119            android:exported="true"
119-->[:sdk] AndroidManifest.xml:50:13-36
120            android:permission="android.permission.BIND_TELECOM_CONNECTION_SERVICE" >
120-->[:sdk] AndroidManifest.xml:51:13-84
121            <intent-filter>
121-->[:sdk] AndroidManifest.xml:52:13-54:29
122                <action android:name="android.telecom.ConnectionService" />
122-->[:sdk] AndroidManifest.xml:53:17-76
122-->[:sdk] AndroidManifest.xml:53:25-73
123            </intent-filter>
124        </service>
125        <service
125-->[:sdk] AndroidManifest.xml:56:9-58:63
126            android:name="org.jitsi.meet.sdk.JitsiMeetOngoingConferenceService"
126-->[:sdk] AndroidManifest.xml:57:13-80
127            android:foregroundServiceType="mediaProjection" />
127-->[:sdk] AndroidManifest.xml:58:13-60
128
129        <provider
129-->[:sdk] AndroidManifest.xml:60:9-65:20
130            android:name="com.reactnativecommunity.webview.RNCWebViewFileProvider"
130-->[:sdk] AndroidManifest.xml:61:13-83
131            android:authorities="org.jitsi.meet.fileprovider"
131-->[:sdk] AndroidManifest.xml:62:13-64
132            android:enabled="false"
132-->[:sdk] AndroidManifest.xml:63:13-36
133            android:exported="false"
133-->[:react-native-webview] AndroidManifest.xml:11:13-37
134            android:grantUriPermissions="true" >
134-->[:react-native-webview] AndroidManifest.xml:12:13-47
135            <meta-data
135-->[:react-native-webview] AndroidManifest.xml:13:13-15:63
136                android:name="android.support.FILE_PROVIDER_PATHS"
136-->[:react-native-webview] AndroidManifest.xml:14:17-67
137                android:resource="@xml/file_provider_paths" />
137-->[:react-native-webview] AndroidManifest.xml:15:17-60
138        </provider>
139        <provider
139-->[:sdk] AndroidManifest.xml:66:9-73:20
140            android:name="androidx.startup.InitializationProvider"
140-->[:sdk] AndroidManifest.xml:67:13-67
141            android:authorities="org.jitsi.meet.androidx-startup"
141-->[:sdk] AndroidManifest.xml:68:13-68
142            android:exported="false" >
142-->[:sdk] AndroidManifest.xml:69:13-37
143            <meta-data
143-->[:sdk] AndroidManifest.xml:70:13-72:52
144                android:name="org.jitsi.meet.sdk.JitsiInitializer"
144-->[:sdk] AndroidManifest.xml:71:17-67
145                android:value="androidx.startup" />
145-->[:sdk] AndroidManifest.xml:72:17-49
146            <meta-data
146-->[androidx.emoji2:emoji2:1.2.0] AndroidManifest.xml:29:13-31:52
147                android:name="androidx.emoji2.text.EmojiCompatInitializer"
147-->[androidx.emoji2:emoji2:1.2.0] AndroidManifest.xml:30:17-75
148                android:value="androidx.startup" />
148-->[androidx.emoji2:emoji2:1.2.0] AndroidManifest.xml:31:17-49
149            <meta-data
149-->[androidx.lifecycle:lifecycle-process:2.4.1] AndroidManifest.xml:31:13-33:52
150                android:name="androidx.lifecycle.ProcessLifecycleInitializer"
150-->[androidx.lifecycle:lifecycle-process:2.4.1] AndroidManifest.xml:32:17-78
151                android:value="androidx.startup" />
151-->[androidx.lifecycle:lifecycle-process:2.4.1] AndroidManifest.xml:33:17-49
152        </provider>
153        <provider
153-->[:react-native-performance] AndroidManifest.xml:8:9-12:39
154            android:name="com.oblador.performance.StartTimeProvider"
154-->[:react-native-performance] AndroidManifest.xml:9:13-69
155            android:authorities="org.jitsi.meet.start.time.provider"
155-->[:react-native-performance] AndroidManifest.xml:10:13-71
156            android:exported="false"
156-->[:react-native-performance] AndroidManifest.xml:11:13-37
157            android:initOrder="200" />
157-->[:react-native-performance] AndroidManifest.xml:12:13-36
158
159        <uses-library
159-->[com.giphy.sdk:ui:2.3.4] AndroidManifest.xml:12:9-14:40
160            android:name="android.test.runner"
160-->[com.giphy.sdk:ui:2.3.4] AndroidManifest.xml:13:13-47
161            android:required="false" />
161-->[com.giphy.sdk:ui:2.3.4] AndroidManifest.xml:14:13-37
162        <uses-library
162-->[com.giphy.sdk:ui:2.3.4] AndroidManifest.xml:15:9-17:40
163            android:name="android.test.base"
163-->[com.giphy.sdk:ui:2.3.4] AndroidManifest.xml:16:13-45
164            android:required="false" />
164-->[com.giphy.sdk:ui:2.3.4] AndroidManifest.xml:17:13-37
165        <uses-library
165-->[com.giphy.sdk:ui:2.3.4] AndroidManifest.xml:18:9-20:40
166            android:name="android.test.mock"
166-->[com.giphy.sdk:ui:2.3.4] AndroidManifest.xml:19:13-45
167            android:required="false" />
167-->[com.giphy.sdk:ui:2.3.4] AndroidManifest.xml:20:13-37
168
169        <activity
169-->[com.google.android.gms:play-services-auth:20.5.0] AndroidManifest.xml:23:9-27:75
170            android:name="com.google.android.gms.auth.api.signin.internal.SignInHubActivity"
170-->[com.google.android.gms:play-services-auth:20.5.0] AndroidManifest.xml:24:13-93
171            android:excludeFromRecents="true"
171-->[com.google.android.gms:play-services-auth:20.5.0] AndroidManifest.xml:25:13-46
172            android:exported="false"
172-->[com.google.android.gms:play-services-auth:20.5.0] AndroidManifest.xml:26:13-37
173            android:theme="@android:style/Theme.Translucent.NoTitleBar" />
173-->[com.google.android.gms:play-services-auth:20.5.0] AndroidManifest.xml:27:13-72
174        <!--
175            Service handling Google Sign-In user revocation. For apps that do not integrate with
176            Google Sign-In, this service will never be started.
177        -->
178        <service
178-->[com.google.android.gms:play-services-auth:20.5.0] AndroidManifest.xml:33:9-37:51
179            android:name="com.google.android.gms.auth.api.signin.RevocationBoundService"
179-->[com.google.android.gms:play-services-auth:20.5.0] AndroidManifest.xml:34:13-89
180            android:exported="true"
180-->[com.google.android.gms:play-services-auth:20.5.0] AndroidManifest.xml:35:13-36
181            android:permission="com.google.android.gms.auth.api.signin.permission.REVOCATION_NOTIFICATION"
181-->[com.google.android.gms:play-services-auth:20.5.0] AndroidManifest.xml:36:13-107
182            android:visibleToInstantApps="true" />
182-->[com.google.android.gms:play-services-auth:20.5.0] AndroidManifest.xml:37:13-48
183        <service
183-->[com.google.firebase:firebase-crashlytics:18.4.3] AndroidManifest.xml:12:9-18:19
184            android:name="com.google.firebase.components.ComponentDiscoveryService"
184-->[com.google.firebase:firebase-crashlytics:18.4.3] AndroidManifest.xml:13:13-84
185            android:directBootAware="true"
185-->[com.google.firebase:firebase-common:20.3.3] AndroidManifest.xml:34:13-43
186            android:exported="false" >
186-->[com.google.firebase:firebase-crashlytics:18.4.3] AndroidManifest.xml:14:13-37
187            <meta-data
187-->[com.google.firebase:firebase-crashlytics:18.4.3] AndroidManifest.xml:15:13-17:85
188                android:name="com.google.firebase.components:com.google.firebase.crashlytics.CrashlyticsRegistrar"
188-->[com.google.firebase:firebase-crashlytics:18.4.3] AndroidManifest.xml:16:17-115
189                android:value="com.google.firebase.components.ComponentRegistrar" />
189-->[com.google.firebase:firebase-crashlytics:18.4.3] AndroidManifest.xml:17:17-82
190            <meta-data
190-->[com.google.firebase:firebase-dynamic-links:21.1.0] AndroidManifest.xml:26:13-28:85
191                android:name="com.google.firebase.components:com.google.firebase.dynamiclinks.internal.FirebaseDynamicLinkRegistrar"
191-->[com.google.firebase:firebase-dynamic-links:21.1.0] AndroidManifest.xml:27:17-133
192                android:value="com.google.firebase.components.ComponentRegistrar" />
192-->[com.google.firebase:firebase-dynamic-links:21.1.0] AndroidManifest.xml:28:17-82
193            <meta-data
193-->[com.google.android.gms:play-services-measurement-api:21.3.0] AndroidManifest.xml:31:13-33:85
194                android:name="com.google.firebase.components:com.google.firebase.analytics.connector.internal.AnalyticsConnectorRegistrar"
194-->[com.google.android.gms:play-services-measurement-api:21.3.0] AndroidManifest.xml:32:17-139
195                android:value="com.google.firebase.components.ComponentRegistrar" />
195-->[com.google.android.gms:play-services-measurement-api:21.3.0] AndroidManifest.xml:33:17-82
196            <meta-data
196-->[com.google.firebase:firebase-sessions:1.0.2] AndroidManifest.xml:25:13-27:85
197                android:name="com.google.firebase.components:com.google.firebase.sessions.FirebaseSessionsRegistrar"
197-->[com.google.firebase:firebase-sessions:1.0.2] AndroidManifest.xml:26:17-117
198                android:value="com.google.firebase.components.ComponentRegistrar" />
198-->[com.google.firebase:firebase-sessions:1.0.2] AndroidManifest.xml:27:17-82
199            <meta-data
199-->[com.google.firebase:firebase-installations:17.1.3] AndroidManifest.xml:17:13-19:85
200                android:name="com.google.firebase.components:com.google.firebase.installations.FirebaseInstallationsRegistrar"
200-->[com.google.firebase:firebase-installations:17.1.3] AndroidManifest.xml:18:17-127
201                android:value="com.google.firebase.components.ComponentRegistrar" />
201-->[com.google.firebase:firebase-installations:17.1.3] AndroidManifest.xml:19:17-82
202            <meta-data
202-->[com.google.firebase:firebase-datatransport:18.1.8] AndroidManifest.xml:27:13-29:85
203                android:name="com.google.firebase.components:com.google.firebase.datatransport.TransportRegistrar"
203-->[com.google.firebase:firebase-datatransport:18.1.8] AndroidManifest.xml:28:17-115
204                android:value="com.google.firebase.components.ComponentRegistrar" />
204-->[com.google.firebase:firebase-datatransport:18.1.8] AndroidManifest.xml:29:17-82
205            <meta-data
205-->[com.google.firebase:firebase-common-ktx:20.3.3] AndroidManifest.xml:14:13-16:85
206                android:name="com.google.firebase.components:com.google.firebase.ktx.FirebaseCommonKtxRegistrar"
206-->[com.google.firebase:firebase-common-ktx:20.3.3] AndroidManifest.xml:15:17-113
207                android:value="com.google.firebase.components.ComponentRegistrar" />
207-->[com.google.firebase:firebase-common-ktx:20.3.3] AndroidManifest.xml:16:17-82
208        </service>
209
210        <provider
210-->[com.squareup.leakcanary:leakcanary-android-core:2.7] AndroidManifest.xml:29:9-37:20
211            android:name="leakcanary.internal.LeakCanaryFileProvider"
211-->[com.squareup.leakcanary:leakcanary-android-core:2.7] AndroidManifest.xml:30:13-70
212            android:authorities="com.squareup.leakcanary.fileprovider.org.jitsi.meet"
212-->[com.squareup.leakcanary:leakcanary-android-core:2.7] AndroidManifest.xml:31:13-88
213            android:exported="false"
213-->[com.squareup.leakcanary:leakcanary-android-core:2.7] AndroidManifest.xml:32:13-37
214            android:grantUriPermissions="true" >
214-->[com.squareup.leakcanary:leakcanary-android-core:2.7] AndroidManifest.xml:33:13-47
215            <meta-data
215-->[:react-native-webview] AndroidManifest.xml:13:13-15:63
216                android:name="android.support.FILE_PROVIDER_PATHS"
216-->[:react-native-webview] AndroidManifest.xml:14:17-67
217                android:resource="@xml/leak_canary_file_paths" />
217-->[:react-native-webview] AndroidManifest.xml:15:17-60
218        </provider>
219
220        <activity
220-->[com.squareup.leakcanary:leakcanary-android-core:2.7] AndroidManifest.xml:39:9-44:66
221            android:name="leakcanary.internal.activity.LeakActivity"
221-->[com.squareup.leakcanary:leakcanary-android-core:2.7] AndroidManifest.xml:40:13-69
222            android:icon="@mipmap/leak_canary_icon"
222-->[com.squareup.leakcanary:leakcanary-android-core:2.7] AndroidManifest.xml:41:13-52
223            android:label="@string/leak_canary_display_activity_label"
223-->[com.squareup.leakcanary:leakcanary-android-core:2.7] AndroidManifest.xml:42:13-71
224            android:taskAffinity="com.squareup.leakcanary.org.jitsi.meet"
224-->[com.squareup.leakcanary:leakcanary-android-core:2.7] AndroidManifest.xml:43:13-76
225            android:theme="@style/leak_canary_LeakCanary.Base" />
225-->[com.squareup.leakcanary:leakcanary-android-core:2.7] AndroidManifest.xml:44:13-63
226
227        <activity-alias
227-->[com.squareup.leakcanary:leakcanary-android-core:2.7] AndroidManifest.xml:46:9-63:26
228            android:name="leakcanary.internal.activity.LeakLauncherActivity"
228-->[com.squareup.leakcanary:leakcanary-android-core:2.7] AndroidManifest.xml:47:13-77
229            android:banner="@drawable/leak_canary_tv_icon"
229-->[com.squareup.leakcanary:leakcanary-android-core:2.7] AndroidManifest.xml:48:13-59
230            android:enabled="@bool/leak_canary_add_launcher_icon"
230-->[com.squareup.leakcanary:leakcanary-android-core:2.7] AndroidManifest.xml:49:13-66
231            android:exported="true"
231-->[com.squareup.leakcanary:leakcanary-android-core:2.7] AndroidManifest.xml:50:13-36
232            android:icon="@mipmap/leak_canary_icon"
232-->[com.squareup.leakcanary:leakcanary-android-core:2.7] AndroidManifest.xml:51:13-52
233            android:label="@string/leak_canary_display_activity_label"
233-->[com.squareup.leakcanary:leakcanary-android-core:2.7] AndroidManifest.xml:52:13-71
234            android:targetActivity="leakcanary.internal.activity.LeakActivity"
234-->[com.squareup.leakcanary:leakcanary-android-core:2.7] AndroidManifest.xml:53:13-79
235            android:taskAffinity="com.squareup.leakcanary.org.jitsi.meet"
235-->[com.squareup.leakcanary:leakcanary-android-core:2.7] AndroidManifest.xml:54:13-76
236            android:theme="@style/leak_canary_LeakCanary.Base" >
236-->[com.squareup.leakcanary:leakcanary-android-core:2.7] AndroidManifest.xml:55:13-63
237            <intent-filter>
237-->[com.squareup.leakcanary:leakcanary-android-core:2.7] AndroidManifest.xml:56:13-62:29
238                <action android:name="android.intent.action.MAIN" />
238-->src/main/AndroidManifest.xml:27:9-61
238-->src/main/AndroidManifest.xml:27:17-58
239
240                <category android:name="android.intent.category.LAUNCHER" />
240-->src/main/AndroidManifest.xml:28:9-69
240-->src/main/AndroidManifest.xml:28:19-66
241                <!-- Android TV launcher intent -->
242                <category android:name="android.intent.category.LEANBACK_LAUNCHER" />
242-->[com.squareup.leakcanary:leakcanary-android-core:2.7] AndroidManifest.xml:61:17-86
242-->[com.squareup.leakcanary:leakcanary-android-core:2.7] AndroidManifest.xml:61:27-83
243            </intent-filter>
244        </activity-alias>
245
246        <activity
246-->[com.squareup.leakcanary:leakcanary-android-core:2.7] AndroidManifest.xml:65:9-71:68
247            android:name="leakcanary.internal.RequestStoragePermissionActivity"
247-->[com.squareup.leakcanary:leakcanary-android-core:2.7] AndroidManifest.xml:66:13-80
248            android:excludeFromRecents="true"
248-->[com.squareup.leakcanary:leakcanary-android-core:2.7] AndroidManifest.xml:67:13-46
249            android:icon="@mipmap/leak_canary_icon"
249-->[com.squareup.leakcanary:leakcanary-android-core:2.7] AndroidManifest.xml:68:13-52
250            android:label="@string/leak_canary_storage_permission_activity_label"
250-->[com.squareup.leakcanary:leakcanary-android-core:2.7] AndroidManifest.xml:69:13-82
251            android:taskAffinity="com.squareup.leakcanary.org.jitsi.meet"
251-->[com.squareup.leakcanary:leakcanary-android-core:2.7] AndroidManifest.xml:70:13-76
252            android:theme="@style/leak_canary_Theme.Transparent" />
252-->[com.squareup.leakcanary:leakcanary-android-core:2.7] AndroidManifest.xml:71:13-65
253
254        <receiver android:name="leakcanary.internal.NotificationReceiver" />
254-->[com.squareup.leakcanary:leakcanary-android-core:2.7] AndroidManifest.xml:73:9-77
254-->[com.squareup.leakcanary:leakcanary-android-core:2.7] AndroidManifest.xml:73:19-74
255
256        <activity
256-->[com.google.android.gms:play-services-base:18.0.1] AndroidManifest.xml:20:9-22:45
257            android:name="com.google.android.gms.common.api.GoogleApiActivity"
257-->[com.google.android.gms:play-services-base:18.0.1] AndroidManifest.xml:20:19-85
258            android:exported="false"
258-->[com.google.android.gms:play-services-base:18.0.1] AndroidManifest.xml:22:19-43
259            android:theme="@android:style/Theme.Translucent.NoTitleBar" />
259-->[com.google.android.gms:play-services-base:18.0.1] AndroidManifest.xml:21:19-78
260
261        <receiver
261-->[com.google.android.gms:play-services-measurement:21.3.0] AndroidManifest.xml:29:9-33:20
262            android:name="com.google.android.gms.measurement.AppMeasurementReceiver"
262-->[com.google.android.gms:play-services-measurement:21.3.0] AndroidManifest.xml:30:13-85
263            android:enabled="true"
263-->[com.google.android.gms:play-services-measurement:21.3.0] AndroidManifest.xml:31:13-35
264            android:exported="false" >
264-->[com.google.android.gms:play-services-measurement:21.3.0] AndroidManifest.xml:32:13-37
265        </receiver>
266
267        <service
267-->[com.google.android.gms:play-services-measurement:21.3.0] AndroidManifest.xml:35:9-38:40
268            android:name="com.google.android.gms.measurement.AppMeasurementService"
268-->[com.google.android.gms:play-services-measurement:21.3.0] AndroidManifest.xml:36:13-84
269            android:enabled="true"
269-->[com.google.android.gms:play-services-measurement:21.3.0] AndroidManifest.xml:37:13-35
270            android:exported="false" />
270-->[com.google.android.gms:play-services-measurement:21.3.0] AndroidManifest.xml:38:13-37
271        <service
271-->[com.google.android.gms:play-services-measurement:21.3.0] AndroidManifest.xml:39:9-43:72
272            android:name="com.google.android.gms.measurement.AppMeasurementJobService"
272-->[com.google.android.gms:play-services-measurement:21.3.0] AndroidManifest.xml:40:13-87
273            android:enabled="true"
273-->[com.google.android.gms:play-services-measurement:21.3.0] AndroidManifest.xml:41:13-35
274            android:exported="false"
274-->[com.google.android.gms:play-services-measurement:21.3.0] AndroidManifest.xml:42:13-37
275            android:permission="android.permission.BIND_JOB_SERVICE" />
275-->[com.google.android.gms:play-services-measurement:21.3.0] AndroidManifest.xml:43:13-69
276
277        <provider
277-->[com.google.firebase:firebase-common:20.3.3] AndroidManifest.xml:25:9-30:39
278            android:name="com.google.firebase.provider.FirebaseInitProvider"
278-->[com.google.firebase:firebase-common:20.3.3] AndroidManifest.xml:26:13-77
279            android:authorities="org.jitsi.meet.firebaseinitprovider"